Last updated on Thu Feb 26 17:12:10 UTC 2026
Last updated on Fri Feb 27 04:21:08 UTC 2026
Last updated on Sat Feb 28 04:01:34 UTC 2026
Last updated on Sun Mar  1 04:29:47 UTC 2026
Last updated on Mon Mar  2 04:22:17 UTC 2026
Last updated on Tue Mar  3 04:22:13 UTC 2026
Last updated on Wed Mar  4 04:16:27 UTC 2026
Last updated on Thu Mar  5 04:20:05 UTC 2026
Last updated on Fri Mar  6 04:16:59 UTC 2026
Last updated on Sat Mar  7 04:07:01 UTC 2026
Last updated on Sun Mar  8 04:19:34 UTC 2026
Last updated on Mon Mar  9 04:25:46 UTC 2026
Last updated on Tue Mar 10 04:17:51 UTC 2026
Last updated on Wed Mar 11 04:17:54 UTC 2026
Last updated on Thu Mar 12 04:21:19 UTC 2026
Last updated on Fri Mar 13 04:20:14 UTC 2026
Last updated on Sat Mar 14 04:18:41 UTC 2026
Last updated on Sun Mar 15 04:40:10 UTC 2026
Last updated on Mon Mar 16 04:47:36 UTC 2026
Last updated on Tue Mar 17 04:25:48 UTC 2026
Last updated on Wed Mar 18 04:31:18 UTC 2026
Last updated on Thu Mar 19 04:30:04 UTC 2026
Last updated on Fri Mar 20 04:21:52 UTC 2026
Last updated on Sat Mar 21 04:13:08 UTC 2026
Last updated on Sun Mar 22 04:27:43 UTC 2026
Last updated on Mon Mar 23 04:36:50 UTC 2026
Last updated on Tue Mar 24 04:26:28 UTC 2026
Last updated on Wed Mar 25 04:28:05 UTC 2026
Last updated on Thu Mar 26 04:40:09 UTC 2026
Last updated on Fri Mar 27 04:41:01 UTC 2026
Last updated on Sat Mar 28 04:28:03 UTC 2026
Last updated on Sun Mar 29 04:44:09 UTC 2026
Last updated on Mon Mar 30 05:06:30 UTC 2026
Last updated on Tue Mar 31 04:43:01 UTC 2026
Last updated on Wed Apr  1 05:06:40 UTC 2026
Last updated on Thu Apr  2 04:37:23 UTC 2026
Last updated on Fri Apr  3 04:38:17 UTC 2026
Last updated on Sat Apr  4 04:25:05 UTC 2026
Last updated on Sun Apr  5 04:44:37 UTC 2026
Last updated on Mon Apr  6 04:52:29 UTC 2026
